
*** Running vivado
    with args -log adder_dsp.vds -m64 -product Vivado -mode batch -messageDb vivado.pb -notrace -source adder_dsp.tcl


****** Vivado v2018.2 (64-bit)
  **** SW Build 2258646 on Thu Jun 14 20:02:38 MDT 2018
  **** IP Build 2256618 on Thu Jun 14 22:10:49 MDT 2018
    ** Copyright 1986-2018 Xilinx, Inc. All Rights Reserved.

source adder_dsp.tcl -notrace
Command: synth_design -top adder_dsp -part xc7z010clg400-1
Starting synth_design
Attempting to get a license for feature 'Synthesis' and/or device 'xc7z010'
INFO: [Common 17-349] Got license for feature 'Synthesis' and/or device 'xc7z010'
INFO: Launching helper process for spawning children vivado processes
INFO: Helper process launched with PID 29779 
---------------------------------------------------------------------------------
Starting RTL Elaboration : Time (s): cpu = 00:00:01 ; elapsed = 00:00:02 . Memory (MB): peak = 1253.934 ; gain = 71.891 ; free physical = 8887 ; free virtual = 26992
---------------------------------------------------------------------------------
INFO: [Synth 8-638] synthesizing module 'adder_dsp' [/home/user/Documents/Homework4/Homework4.srcs/sources_1/new/adder_dsp.vhd:42]
INFO: [Synth 8-5534] Detected attribute (* use_dsp48 = "yes" *) [/home/user/Documents/Homework4/Homework4.srcs/sources_1/new/adder_dsp.vhd:43]
INFO: [Synth 8-5534] Detected attribute (* use_dsp48 = "yes" *) [/home/user/Documents/Homework4/Homework4.srcs/sources_1/new/adder_dsp.vhd:44]
INFO: [Synth 8-5534] Detected attribute (* use_dsp48 = "yes" *) [/home/user/Documents/Homework4/Homework4.srcs/sources_1/new/adder_dsp.vhd:45]
WARNING: [Synth 8-5974] attribute "use_dsp48" has been deprecated, please use "use_dsp" instead 
WARNING: [Synth 8-5974] attribute "use_dsp48" has been deprecated, please use "use_dsp" instead 
WARNING: [Synth 8-5974] attribute "use_dsp48" has been deprecated, please use "use_dsp" instead 
INFO: [Synth 8-256] done synthesizing module 'adder_dsp' (1#1) [/home/user/Documents/Homework4/Homework4.srcs/sources_1/new/adder_dsp.vhd:42]
---------------------------------------------------------------------------------
Finished RTL Elaboration : Time (s): cpu = 00:00:02 ; elapsed = 00:00:03 . Memory (MB): peak = 1298.559 ; gain = 116.516 ; free physical = 8898 ; free virtual = 27004
---------------------------------------------------------------------------------

Report Check Netlist: 
+------+------------------+-------+---------+-------+------------------+
|      |Item              |Errors |Warnings |Status |Description       |
+------+------------------+-------+---------+-------+------------------+
|1     |multi_driven_nets |      0|        0|Passed |Multi driven nets |
+------+------------------+-------+---------+-------+------------------+
---------------------------------------------------------------------------------
Start Handling Custom Attributes
---------------------------------------------------------------------------------
---------------------------------------------------------------------------------
Finished Handling Custom Attributes : Time (s): cpu = 00:00:02 ; elapsed = 00:00:03 . Memory (MB): peak = 1298.559 ; gain = 116.516 ; free physical = 8899 ; free virtual = 27005
---------------------------------------------------------------------------------
---------------------------------------------------------------------------------
Finished RTL Optimization Phase 1 : Time (s): cpu = 00:00:02 ; elapsed = 00:00:03 . Memory (MB): peak = 1298.559 ; gain = 116.516 ; free physical = 8899 ; free virtual = 27005
---------------------------------------------------------------------------------
INFO: [Device 21-403] Loading part xc7z010clg400-1
INFO: [Project 1-570] Preparing netlist for logic optimization

Processing XDC Constraints
Initializing timing engine
Parsing XDC File [/home/user/Documents/Homework4/Homework4.srcs/constrs_1/new/master.xdc]
WARNING: [Vivado 12-180] No cells matched '….'. [/home/user/Documents/Homework4/Homework4.srcs/constrs_1/new/master.xdc:1]
CRITICAL WARNING: [Common 17-55] 'set_property' expects at least one object. [/home/user/Documents/Homework4/Homework4.srcs/constrs_1/new/master.xdc:1]
Resolution: If [get_<value>] was used to populate the object, check to make sure this command returns at least one valid object.
Finished Parsing XDC File [/home/user/Documents/Homework4/Homework4.srcs/constrs_1/new/master.xdc]
Completed Processing XDC Constraints

INFO: [Project 1-111] Unisim Transformation Summary:
No Unisim elements were transformed.

WARNING: [Constraints 18-5210] No constraint will be written out.
Constraint Validation Runtime : Time (s): cpu = 00:00:00.05 ; elapsed = 00:00:00.08 . Memory (MB): peak = 1639.152 ; gain = 0.000 ; free physical = 8655 ; free virtual = 26761
---------------------------------------------------------------------------------
Finished Constraint Validation : Time (s): cpu = 00:00:09 ; elapsed = 00:00:27 . Memory (MB): peak = 1639.152 ; gain = 457.109 ; free physical = 8726 ; free virtual = 26832
---------------------------------------------------------------------------------
---------------------------------------------------------------------------------
Start Loading Part and Timing Information
---------------------------------------------------------------------------------
Loading part: xc7z010clg400-1
---------------------------------------------------------------------------------
Finished Loading Part and Timing Information : Time (s): cpu = 00:00:09 ; elapsed = 00:00:27 . Memory (MB): peak = 1639.152 ; gain = 457.109 ; free physical = 8726 ; free virtual = 26832
---------------------------------------------------------------------------------
---------------------------------------------------------------------------------
Start Applying 'set_property' XDC Constraints
---------------------------------------------------------------------------------
---------------------------------------------------------------------------------
Finished applying 'set_property' XDC Constraints : Time (s): cpu = 00:00:09 ; elapsed = 00:00:27 . Memory (MB): peak = 1639.152 ; gain = 457.109 ; free physical = 8728 ; free virtual = 26833
---------------------------------------------------------------------------------
WARNING: [Synth 8-6014] Unused sequential element A_1_reg was removed.  [/home/user/Documents/Homework4/Homework4.srcs/sources_1/new/adder_dsp.vhd:51]
WARNING: [Synth 8-6014] Unused sequential element B_1_reg was removed.  [/home/user/Documents/Homework4/Homework4.srcs/sources_1/new/adder_dsp.vhd:51]
---------------------------------------------------------------------------------
Finished RTL Optimization Phase 2 : Time (s): cpu = 00:00:09 ; elapsed = 00:00:27 . Memory (MB): peak = 1639.152 ; gain = 457.109 ; free physical = 8727 ; free virtual = 26833
---------------------------------------------------------------------------------

Report RTL Partitions: 
+-+--------------+------------+----------+
| |RTL Partition |Replication |Instances |
+-+--------------+------------+----------+
+-+--------------+------------+----------+
---------------------------------------------------------------------------------
Start RTL Component Statistics 
---------------------------------------------------------------------------------
Detailed RTL Component Info : 
+---Registers : 
	               16 Bit    Registers := 1     
---------------------------------------------------------------------------------
Finished RTL Component Statistics 
---------------------------------------------------------------------------------
---------------------------------------------------------------------------------
Start RTL Hierarchical Component Statistics 
---------------------------------------------------------------------------------
Hierarchical RTL Component report 
Module adder_dsp 
Detailed RTL Component Info : 
+---Registers : 
	               16 Bit    Registers := 1     
---------------------------------------------------------------------------------
Finished RTL Hierarchical Component Statistics
---------------------------------------------------------------------------------
---------------------------------------------------------------------------------
Start Part Resource Summary
---------------------------------------------------------------------------------
Part Resources:
DSPs: 80 (col length:40)
BRAMs: 120 (col length: RAMB18 40 RAMB36 20)
---------------------------------------------------------------------------------
Finished Part Resource Summary
---------------------------------------------------------------------------------
---------------------------------------------------------------------------------
Start Cross Boundary and Area Optimization
---------------------------------------------------------------------------------
Warning: Parallel synthesis criteria is not met 
WARNING: [Synth 8-6014] Unused sequential element B_1_reg was removed.  [/home/user/Documents/Homework4/Homework4.srcs/sources_1/new/adder_dsp.vhd:51]
WARNING: [Synth 8-6014] Unused sequential element A_1_reg was removed.  [/home/user/Documents/Homework4/Homework4.srcs/sources_1/new/adder_dsp.vhd:51]
DSP Report: Generating DSP Y_reg, operation Mode is: (C'+(A:0x0):B2)'.
DSP Report: register B_1_reg is absorbed into DSP Y_reg.
DSP Report: register A_1_reg is absorbed into DSP Y_reg.
DSP Report: register Y_reg is absorbed into DSP Y_reg.
DSP Report: operator C is absorbed into DSP Y_reg.
---------------------------------------------------------------------------------
Finished Cross Boundary and Area Optimization : Time (s): cpu = 00:00:09 ; elapsed = 00:00:28 . Memory (MB): peak = 1639.152 ; gain = 457.109 ; free physical = 8718 ; free virtual = 26824
---------------------------------------------------------------------------------
---------------------------------------------------------------------------------
Start ROM, RAM, DSP and Shift Register Reporting
---------------------------------------------------------------------------------

DSP: Preliminary Mapping  Report (see note below)
+------------+------------------+--------+--------+--------+--------+--------+------+------+------+------+-------+------+------+
|Module Name | DSP Mapping      | A Size | B Size | C Size | D Size | P Size | AREG | BREG | CREG | DREG | ADREG | MREG | PREG | 
+------------+------------------+--------+--------+--------+--------+--------+------+------+------+------+-------+------+------+
|adder_dsp   | (C'+(A:0x0):B2)' | 30     | 16     | 16     | -      | 16     | 0    | 1    | 1    | -    | -     | 0    | 1    | 
+------------+------------------+--------+--------+--------+--------+--------+------+------+------+------+-------+------+------+

Note: The table above is a preliminary report that shows the DSPs inferred at the current stage of the synthesis flow. Some DSP may be reimplemented as non DSP primitives later in the synthesis flow. Multiple instantiated DSPs are reported only once.
---------------------------------------------------------------------------------
Finished ROM, RAM, DSP and Shift Register Reporting
---------------------------------------------------------------------------------

Report RTL Partitions: 
+-+--------------+------------+----------+
| |RTL Partition |Replication |Instances |
+-+--------------+------------+----------+
+-+--------------+------------+----------+
---------------------------------------------------------------------------------
Start Applying XDC Timing Constraints
---------------------------------------------------------------------------------
---------------------------------------------------------------------------------
Finished Applying XDC Timing Constraints : Time (s): cpu = 00:00:15 ; elapsed = 00:00:37 . Memory (MB): peak = 1639.152 ; gain = 457.109 ; free physical = 8561 ; free virtual = 26666
---------------------------------------------------------------------------------
---------------------------------------------------------------------------------
Start Timing Optimization
---------------------------------------------------------------------------------
---------------------------------------------------------------------------------
Finished Timing Optimization : Time (s): cpu = 00:00:15 ; elapsed = 00:00:37 . Memory (MB): peak = 1639.152 ; gain = 457.109 ; free physical = 8561 ; free virtual = 26666
---------------------------------------------------------------------------------

Report RTL Partitions: 
+-+--------------+------------+----------+
| |RTL Partition |Replication |Instances |
+-+--------------+------------+----------+
+-+--------------+------------+----------+
---------------------------------------------------------------------------------
Start Technology Mapping
---------------------------------------------------------------------------------
---------------------------------------------------------------------------------
Finished Technology Mapping : Time (s): cpu = 00:00:15 ; elapsed = 00:00:37 . Memory (MB): peak = 1639.152 ; gain = 457.109 ; free physical = 8561 ; free virtual = 26666
---------------------------------------------------------------------------------

Report RTL Partitions: 
+-+--------------+------------+----------+
| |RTL Partition |Replication |Instances |
+-+--------------+------------+----------+
+-+--------------+------------+----------+
---------------------------------------------------------------------------------
Start IO Insertion
---------------------------------------------------------------------------------
---------------------------------------------------------------------------------
Start Flattening Before IO Insertion
---------------------------------------------------------------------------------
---------------------------------------------------------------------------------
Finished Flattening Before IO Insertion
---------------------------------------------------------------------------------
---------------------------------------------------------------------------------
Start Final Netlist Cleanup
---------------------------------------------------------------------------------
---------------------------------------------------------------------------------
Finished Final Netlist Cleanup
---------------------------------------------------------------------------------
---------------------------------------------------------------------------------
Finished IO Insertion : Time (s): cpu = 00:00:16 ; elapsed = 00:00:37 . Memory (MB): peak = 1639.152 ; gain = 457.109 ; free physical = 8561 ; free virtual = 26666
---------------------------------------------------------------------------------

Report Check Netlist: 
+------+------------------+-------+---------+-------+------------------+
|      |Item              |Errors |Warnings |Status |Description       |
+------+------------------+-------+---------+-------+------------------+
|1     |multi_driven_nets |      0|        0|Passed |Multi driven nets |
+------+------------------+-------+---------+-------+------------------+
---------------------------------------------------------------------------------
Start Renaming Generated Instances
---------------------------------------------------------------------------------
---------------------------------------------------------------------------------
Finished Renaming Generated Instances : Time (s): cpu = 00:00:16 ; elapsed = 00:00:37 . Memory (MB): peak = 1639.152 ; gain = 457.109 ; free physical = 8561 ; free virtual = 26666
---------------------------------------------------------------------------------

Report RTL Partitions: 
+-+--------------+------------+----------+
| |RTL Partition |Replication |Instances |
+-+--------------+------------+----------+
+-+--------------+------------+----------+
---------------------------------------------------------------------------------
Start Rebuilding User Hierarchy
---------------------------------------------------------------------------------
---------------------------------------------------------------------------------
Finished Rebuilding User Hierarchy : Time (s): cpu = 00:00:16 ; elapsed = 00:00:37 . Memory (MB): peak = 1639.152 ; gain = 457.109 ; free physical = 8561 ; free virtual = 26666
---------------------------------------------------------------------------------
---------------------------------------------------------------------------------
Start Renaming Generated Ports
---------------------------------------------------------------------------------
---------------------------------------------------------------------------------
Finished Renaming Generated Ports : Time (s): cpu = 00:00:16 ; elapsed = 00:00:37 . Memory (MB): peak = 1639.152 ; gain = 457.109 ; free physical = 8561 ; free virtual = 26666
---------------------------------------------------------------------------------
---------------------------------------------------------------------------------
Start Handling Custom Attributes
---------------------------------------------------------------------------------
---------------------------------------------------------------------------------
Finished Handling Custom Attributes : Time (s): cpu = 00:00:16 ; elapsed = 00:00:37 . Memory (MB): peak = 1639.152 ; gain = 457.109 ; free physical = 8561 ; free virtual = 26666
---------------------------------------------------------------------------------
---------------------------------------------------------------------------------
Start Renaming Generated Nets
---------------------------------------------------------------------------------
---------------------------------------------------------------------------------
Finished Renaming Generated Nets : Time (s): cpu = 00:00:16 ; elapsed = 00:00:37 . Memory (MB): peak = 1639.152 ; gain = 457.109 ; free physical = 8561 ; free virtual = 26666
---------------------------------------------------------------------------------
---------------------------------------------------------------------------------
Start Writing Synthesis Report
---------------------------------------------------------------------------------

Report BlackBoxes: 
+-+--------------+----------+
| |BlackBox name |Instances |
+-+--------------+----------+
+-+--------------+----------+

Report Cell Usage: 
+------+--------+------+
|      |Cell    |Count |
+------+--------+------+
|1     |BUFG    |     1|
|2     |DSP48E1 |     1|
|3     |IBUF    |    33|
|4     |OBUF    |    16|
+------+--------+------+

Report Instance Areas: 
+------+---------+-------+------+
|      |Instance |Module |Cells |
+------+---------+-------+------+
|1     |top      |       |    51|
+------+---------+-------+------+
---------------------------------------------------------------------------------
Finished Writing Synthesis Report : Time (s): cpu = 00:00:16 ; elapsed = 00:00:37 . Memory (MB): peak = 1639.152 ; gain = 457.109 ; free physical = 8561 ; free virtual = 26666
---------------------------------------------------------------------------------
Synthesis finished with 0 errors, 0 critical warnings and 4 warnings.
Synthesis Optimization Runtime : Time (s): cpu = 00:00:10 ; elapsed = 00:00:15 . Memory (MB): peak = 1639.152 ; gain = 116.516 ; free physical = 8628 ; free virtual = 26734
Synthesis Optimization Complete : Time (s): cpu = 00:00:16 ; elapsed = 00:00:37 . Memory (MB): peak = 1639.152 ; gain = 457.109 ; free physical = 8628 ; free virtual = 26734
INFO: [Project 1-571] Translating synthesized netlist
INFO: [Netlist 29-17] Analyzing 34 Unisim elements for replacement
INFO: [Netlist 29-28] Unisim Transformation completed in 0 CPU seconds
INFO: [Project 1-570] Preparing netlist for logic optimization
INFO: [Opt 31-138] Pushed 0 inverter(s) to 0 load pin(s).
INFO: [Project 1-111] Unisim Transformation Summary:
No Unisim elements were transformed.

INFO: [Common 17-83] Releasing license: Synthesis
16 Infos, 9 Warnings, 1 Critical Warnings and 0 Errors encountered.
synth_design completed successfully
synth_design: Time (s): cpu = 00:00:17 ; elapsed = 00:00:38 . Memory (MB): peak = 1639.152 ; gain = 457.219 ; free physical = 8615 ; free virtual = 26721
WARNING: [Constraints 18-5210] No constraint will be written out.
INFO: [Common 17-1381] The checkpoint '/home/user/Documents/Homework4/Homework4.runs/synth_1/adder_dsp.dcp' has been generated.
INFO: [runtcl-4] Executing : report_utilization -file adder_dsp_utilization_synth.rpt -pb adder_dsp_utilization_synth.pb
report_utilization: Time (s): cpu = 00:00:00.05 ; elapsed = 00:00:00.07 . Memory (MB): peak = 1639.152 ; gain = 0.000 ; free physical = 8615 ; free virtual = 26721
INFO: [Common 17-206] Exiting Vivado at Wed Mar  6 16:00:00 2019...
